{"C:\\Users\\Star\\Desktop\\gameField\\shoppingCart\\src\\components\\HelloWorld.jsx": {"path":"C:\\Users\\Star\\Desktop\\gameField\\shoppingCart\\src\\components\\HelloWorld.jsx","all":false,"statementMap":{"0":{"start":{"line":1,"column":0},"end":{"line":1,"column":43}}},"s":{"0":1},"branchMap":{"0":{"type":"branch","line":1,"loc":{"start":{"line":1,"column":25},"end":{"line":1,"column":43}},"locations":[{"start":{"line":1,"column":25},"end":{"line":1,"column":43}}]}},"b":{"0":[1]},"fnMap":{"0":{"name":"HelloWorld","decl":{"start":{"line":1,"column":25},"end":{"line":1,"column":43}},"loc":{"start":{"line":1,"column":25},"end":{"line":1,"column":43}},"line":1}},"f":{"0":1}}
}
